Using pre-set license
Built from '2020.3/staging' branch; Version is '2020.3.32f1 (12f8b0834f07) revision 1243312'; Using compiler version '192528614'; Build Type 'Release'
OS: 'Windows 10  (10.0.18363) 64bit Professional' Language: 'ru' Physical Memory: 8125 MB
BatchMode: 1, IsHumanControllingUs: 0, StartBugReporterOnCrash: 0, Is64bit: 1, IsPro: 0

COMMAND LINE ARGUMENTS:
C:\Program Files\Unity\Hub\Editor\2020.3.32f1\Editor\Unity.exe
-adb2
-batchMode
-noUpm
-name
AssetImportWorker0
-projectPath
C:/PVOproj/EarthProj
-logFile
Logs/AssetImportWorker0.log
-srvPort
52709
Successfully changed project path to: C:/PVOproj/EarthProj
C:/PVOproj/EarthProj
Using Asset Import Pipeline V2.
Refreshing native plugins compatible for Editor in 36.42 ms, found 2 plugins.
Preloading 0 native plugins for Editor in 0.00 ms.
Initialize engine version: 2020.3.32f1 (12f8b0834f07)
[Subsystems] Discovering subsystems at path C:/Program Files/Unity/Hub/Editor/2020.3.32f1/Editor/Data/Resources/UnitySubsystems
[Subsystems] Discovering subsystems at path C:/PVOproj/EarthProj/Assets
GfxDevice: creating device client; threaded=0
Direct3D:
    Version:  Direct3D 11.0 [level 11.1]
    Renderer: NVIDIA GeForce GTX 1050 Ti (ID=0x1c82)
    Vendor:   
    VRAM:     4018 MB
    Driver:   24.21.13.9764
Initialize mono
Mono path[0] = 'C:/Program Files/Unity/Hub/Editor/2020.3.32f1/Editor/Data/Managed'
Mono path[1] = 'C:/Program Files/Unity/Hub/Editor/2020.3.32f1/Editor/Data/MonoBleedingEdge/lib/mono/unityjit'
Mono config path = 'C:/Program Files/Unity/Hub/Editor/2020.3.32f1/Editor/Data/MonoBleedingEdge/etc'
Using monoOptions --debugger-agent=transport=dt_socket,embedding=1,server=y,suspend=n,address=127.0.0.1:56364
Begin MonoManager ReloadAssembly
Registering precompiled unity dll's ...
Register platform support module: C:/Program Files/Unity/Hub/Editor/2020.3.32f1/Editor/Data/PlaybackEngines/WebGLSupport/UnityEditor.WebGL.Extensions.dll
Register platform support module: C:/Program Files/Unity/Hub/Editor/2020.3.32f1/Editor/Data/PlaybackEngines/WindowsStandaloneSupport/UnityEditor.WindowsStandalone.Extensions.dll
Registered in 0.001348 seconds.
Native extension for WindowsStandalone target not found
Native extension for WebGL target not found
Refreshing native plugins compatible for Editor in 33.91 ms, found 2 plugins.
Preloading 0 native plugins for Editor in 0.00 ms.
Mono: successfully reloaded assembly
- Completed reload, in  0.530 seconds
Domain Reload Profiling:
	ReloadAssembly (530ms)
		BeginReloadAssembly (55ms)
			ExecutionOrderSort (0ms)
			DisableScriptedObjects (0ms)
			BackupInstance (0ms)
			ReleaseScriptingObjects (0ms)
			CreateAndSetChildDomain (1ms)
		EndReloadAssembly (413ms)
			LoadAssemblies (66ms)
			RebuildTransferFunctionScriptingTraits (0ms)
			SetupTypeCache (138ms)
			ReleaseScriptCaches (0ms)
			RebuildScriptCaches (27ms)
			SetupLoadedEditorAssemblies (147ms)
				LogAssemblyErrors (0ms)
				InitializePlatformSupportModulesInManaged (5ms)
				SetLoadedEditorAssemblies (0ms)
				RefreshPlugins (34ms)
				BeforeProcessingInitializeOnLoad (7ms)
				ProcessInitializeOnLoadAttributes (75ms)
				ProcessInitializeOnLoadMethodAttributes (25ms)
				AfterProcessingInitializeOnLoad (0ms)
				EditorAssembliesLoaded (0ms)
			ExecutionOrderSort2 (0ms)
			AwakeInstancesAfterBackupRestoration (0ms)
Platform modules already initialized, skipping
Registering precompiled user dll's ...
Registered in 0.001904 seconds.
Begin MonoManager ReloadAssembly
Native extension for WindowsStandalone target not found
Native extension for WebGL target not found
Refreshing native plugins compatible for Editor in 0.37 ms, found 2 plugins.
Preloading 0 native plugins for Editor in 0.00 ms.
Mono: successfully reloaded assembly
- Completed reload, in  1.271 seconds
Domain Reload Profiling:
	ReloadAssembly (1272ms)
		BeginReloadAssembly (135ms)
			ExecutionOrderSort (0ms)
			DisableScriptedObjects (4ms)
			BackupInstance (0ms)
			ReleaseScriptingObjects (0ms)
			CreateAndSetChildDomain (18ms)
		EndReloadAssembly (1085ms)
			LoadAssemblies (389ms)
			RebuildTransferFunctionScriptingTraits (0ms)
			SetupTypeCache (259ms)
			ReleaseScriptCaches (0ms)
			RebuildScriptCaches (44ms)
			SetupLoadedEditorAssemblies (310ms)
				LogAssemblyErrors (0ms)
				InitializePlatformSupportModulesInManaged (5ms)
				SetLoadedEditorAssemblies (0ms)
				RefreshPlugins (0ms)
				BeforeProcessingInitializeOnLoad (53ms)
				ProcessInitializeOnLoadAttributes (235ms)
				ProcessInitializeOnLoadMethodAttributes (13ms)
				AfterProcessingInitializeOnLoad (4ms)
				EditorAssembliesLoaded (0ms)
			ExecutionOrderSort2 (0ms)
			AwakeInstancesAfterBackupRestoration (7ms)
Platform modules already initialized, skipping
========================================================================
Worker process is ready to serve import requests
Launched and connected shader compiler UnityShaderCompiler.exe after 0.07 seconds
Refreshing native plugins compatible for Editor in 0.46 ms, found 2 plugins.
Preloading 0 native plugins for Editor in 0.00 ms.
Unloading 1953 Unused Serialized files (Serialized files now loaded: 0)
System memory in use before: 89.3 MB.
System memory in use after: 89.4 MB.

Unloading 17 unused Assets to reduce memory usage. Loaded Objects now: 2389.
Total: 3.830400 ms (FindLiveObjects: 0.165700 ms CreateObjectMapping: 0.081800 ms MarkObjects: 3.502300 ms  DeleteObjects: 0.079200 ms)

AssetImportParameters requested are different than current active one (requested -> active):
  custom:framework-win-MediaFoundation: 216162199b28c13a410421893ffa2e32 -> 
  custom:video-decoder-ogg-theora: a1e56fd34408186e4bbccfd4996cb3dc -> 
  custom:container-muxer-webm: aa71ff27fc2769a1b78a27578f13a17b -> 
  custom:container-demuxer-webm: 4f35f7cbe854078d1ac9338744f61a02 -> 
  custom:container-demuxer-ogg: 62fdf1f143b41e24485cea50d1cbac27 -> 
  custom:video-encoder-webm-vp8: eb34c28f22e8b96e1ab97ce403110664 -> 
  custom:video-decoder-webm-vp8: 9c59270c3fd7afecdb556c50c9e8de78 -> 
  custom:audio-decoder-ogg-vorbis: bf7c407c2cedff20999df2af8eb42d56 -> 
  custom:audio-encoder-webm-vorbis: bf7c407c2cedff20999df2af8eb42d56 -> 
========================================================================
Received Import Request.
  path: Assets/prefabs/Square (1).prefab
  artifactKey: Guid(50aea7d53e8d4b0478d2bfb4cbedbeaa) Importer(815301076,1909f56bfc062723c751e8b465ee728b)
Start importing Assets/prefabs/Square (1).prefab using Guid(50aea7d53e8d4b0478d2bfb4cbedbeaa) Importer(815301076,1909f56bfc062723c751e8b465ee728b)  -> (artifact id: 'af70e77c4ba3bea8135540028bcd5156') in 0.165271 seconds 
========================================================================
Received Import Request.
  Time since last request: 0.000222 seconds.
  path: Assets/models/sphere.fbx
  artifactKey: Guid(2048300d488504a45a53c0679be65926) Importer(815301076,1909f56bfc062723c751e8b465ee728b)
Start importing Assets/models/sphere.fbx using Guid(2048300d488504a45a53c0679be65926) Importer(815301076,1909f56bfc062723c751e8b465ee728b)  -> (artifact id: '1ca60ca8e8dde4e91fc6d0322b78ee31') in 0.620924 seconds 
========================================================================
Received Import Request.
  Time since last request: 0.000262 seconds.
  path: Assets/prefabs/а.prefab
  artifactKey: Guid(dc0c655faa7426275a160549a529ea15) Importer(815301076,1909f56bfc062723c751e8b465ee728b)
Start importing Assets/prefabs/а.prefab using Guid(dc0c655faa7426275a160549a529ea15) Importer(815301076,1909f56bfc062723c751e8b465ee728b)  -> (artifact id: '6b928b79b23073dc9002eb6a331fa882') in 0.041416 seconds 
========================================================================
Received Import Request.
  Time since last request: 0.000204 seconds.
  path: Assets/prefabs/м квадрат 1.prefab
  artifactKey: Guid(8605c832a2c998b239dc765cc0316815) Importer(815301076,1909f56bfc062723c751e8b465ee728b)
Start importing Assets/prefabs/м квадрат 1.prefab using Guid(8605c832a2c998b239dc765cc0316815) Importer(815301076,1909f56bfc062723c751e8b465ee728b)  -> (artifact id: '32ad90d5eb2c24ce1007a6b6f274e6a8') in 0.132311 seconds 
========================================================================
Received Import Request.
  Time since last request: 0.000251 seconds.
  path: Assets/models/timeline.playable
  artifactKey: Guid(323786df629d927998550e6b1509e00e) Importer(815301076,1909f56bfc062723c751e8b465ee728b)
Start importing Assets/models/timeline.playable using Guid(323786df629d927998550e6b1509e00e) Importer(815301076,1909f56bfc062723c751e8b465ee728b)  -> (artifact id: 'd70fb689156e98a17498a5b0092885e4') in 0.036904 seconds 
========================================================================
Received Import Request.
  Time since last request: 0.000228 seconds.
  path: Assets/prefabs/Сфера.001.prefab
  artifactKey: Guid(c8b7bc58820a0c8f5a884269ca9470dc) Importer(815301076,1909f56bfc062723c751e8b465ee728b)
Start importing Assets/prefabs/Сфера.001.prefab using Guid(c8b7bc58820a0c8f5a884269ca9470dc) Importer(815301076,1909f56bfc062723c751e8b465ee728b)  -> (artifact id: '661c2b859d2ee795fbfe936942fe51d0') in 0.230790 seconds 
========================================================================
Received Import Request.
  Time since last request: 0.000167 seconds.
  path: Assets/models/сетка.png
  artifactKey: Guid(4d77111599a9ef4f6a817c18d66a747d) Importer(815301076,1909f56bfc062723c751e8b465ee728b)
Start importing Assets/models/сетка.png using Guid(4d77111599a9ef4f6a817c18d66a747d) Importer(815301076,1909f56bfc062723c751e8b465ee728b)  -> (artifact id: 'af27b0469fe560346c93d55e3b035223') in 0.130909 seconds 
========================================================================
Received Import Request.
  Time since last request: 0.000212 seconds.
  path: Assets/models/земля.jpg
  artifactKey: Guid(fe270d502cdb4a080b05dcf1bc020d7d) Importer(815301076,1909f56bfc062723c751e8b465ee728b)
Start importing Assets/models/земля.jpg using Guid(fe270d502cdb4a080b05dcf1bc020d7d) Importer(815301076,1909f56bfc062723c751e8b465ee728b)  -> (artifact id: '8d137169931b105073025d7497fad8c6') in 0.013077 seconds 
========================================================================
Received Import Request.
  Time since last request: 0.000196 seconds.
  path: Assets/prefabs/Square (1) 1.prefab
  artifactKey: Guid(7835ac99b8ed60f9f9a69c887a81fb74) Importer(815301076,1909f56bfc062723c751e8b465ee728b)
Start importing Assets/prefabs/Square (1) 1.prefab using Guid(7835ac99b8ed60f9f9a69c887a81fb74) Importer(815301076,1909f56bfc062723c751e8b465ee728b)  -> (artifact id: '6f43e7b9a7f7afaea60fcac27e72d87f') in 0.038441 seconds 
========================================================================
Received Import Request.
  Time since last request: 0.000166 seconds.
  path: Assets/prefabs/г-половинана 1.prefab
  artifactKey: Guid(8dfacc452f06c4da1a1ae4147dfa40a3) Importer(815301076,1909f56bfc062723c751e8b465ee728b)
Start importing Assets/prefabs/г-половинана 1.prefab using Guid(8dfacc452f06c4da1a1ae4147dfa40a3) Importer(815301076,1909f56bfc062723c751e8b465ee728b)  -> (artifact id: '4c24d9b577ff0aef032fce458970096c') in 0.013148 seconds 
========================================================================
Received Import Request.
  Time since last request: 0.000148 seconds.
  path: Assets/prefabs/sqr0g.prefab
  artifactKey: Guid(ebe92c154355aaa589ce7616ab97db88) Importer(815301076,1909f56bfc062723c751e8b465ee728b)
Start importing Assets/prefabs/sqr0g.prefab using Guid(ebe92c154355aaa589ce7616ab97db88) Importer(815301076,1909f56bfc062723c751e8b465ee728b)  -> (artifact id: '2713b9a99884355da1cb969d567119af') in 0.018136 seconds 
========================================================================
Received Import Request.
  Time since last request: 0.000163 seconds.
  path: Assets/prefabs/б квадрат.prefab
  artifactKey: Guid(f52c90bc254e78d608aa2dc4a0126574) Importer(815301076,1909f56bfc062723c751e8b465ee728b)
Start importing Assets/prefabs/б квадрат.prefab using Guid(f52c90bc254e78d608aa2dc4a0126574) Importer(815301076,1909f56bfc062723c751e8b465ee728b)  -> (artifact id: '4ff0f6afc9d3363a93176007cb5fd057') in 0.013730 seconds 
========================================================================
Received Import Request.
  Time since last request: 0.000152 seconds.
  path: Assets/prefabs/в.prefab
  artifactKey: Guid(93b3e597fa9bec0ea8197dce8dab619d) Importer(815301076,1909f56bfc062723c751e8b465ee728b)
Start importing Assets/prefabs/в.prefab using Guid(93b3e597fa9bec0ea8197dce8dab619d) Importer(815301076,1909f56bfc062723c751e8b465ee728b)  -> (artifact id: '75a07489c61ea7abcac819f8d3015dbd') in 0.013428 seconds 
========================================================================
Received Import Request.
  Time since last request: 0.000135 seconds.
  path: Assets/prefabs/г-сектор.prefab
  artifactKey: Guid(557e33b771392ef0a8e39c6947e53f12) Importer(815301076,1909f56bfc062723c751e8b465ee728b)
Start importing Assets/prefabs/г-сектор.prefab using Guid(557e33b771392ef0a8e39c6947e53f12) Importer(815301076,1909f56bfc062723c751e8b465ee728b)  -> (artifact id: 'a22bbce7560a337744365dc707a352c4') in 0.013004 seconds 
========================================================================
Received Import Request.
  Time since last request: 0.000165 seconds.
  path: Assets/prefabs/г-половинана.prefab
  artifactKey: Guid(513a3223ad108b6d7876cb5a4d6954a6) Importer(815301076,1909f56bfc062723c751e8b465ee728b)
Start importing Assets/prefabs/г-половинана.prefab using Guid(513a3223ad108b6d7876cb5a4d6954a6) Importer(815301076,1909f56bfc062723c751e8b465ee728b)  -> (artifact id: '2c8c33abcd0c44737dc893bb87cf6c1f') in 0.013990 seconds 
========================================================================
Received Import Request.
  Time since last request: 0.000140 seconds.
  path: Assets/prefabs/б.prefab
  artifactKey: Guid(8d2a25ec7df171259b30722cf3a02efb) Importer(815301076,1909f56bfc062723c751e8b465ee728b)
Start importing Assets/prefabs/б.prefab using Guid(8d2a25ec7df171259b30722cf3a02efb) Importer(815301076,1909f56bfc062723c751e8b465ee728b)  -> (artifact id: '9b451ea8677087266d4a9d7790a90b15') in 0.015040 seconds 
========================================================================
Received Import Request.
  Time since last request: 0.000147 seconds.
  path: Assets/models/splited sphere.fbx
  artifactKey: Guid(12629d0abaeccc447a83a31fdea72c28) Importer(815301076,1909f56bfc062723c751e8b465ee728b)
Start importing Assets/models/splited sphere.fbx using Guid(12629d0abaeccc447a83a31fdea72c28) Importer(815301076,1909f56bfc062723c751e8b465ee728b)  -> (artifact id: '0cee85ce745da70562cc2b45ec634988') in 0.143770 seconds 
========================================================================
Received Import Request.
  Time since last request: 0.000132 seconds.
  path: Assets/models/total siced.fbx
  artifactKey: Guid(b6c0b4aabad835373950f8273c93dc43) Importer(815301076,1909f56bfc062723c751e8b465ee728b)
Start importing Assets/models/total siced.fbx using Guid(b6c0b4aabad835373950f8273c93dc43) Importer(815301076,1909f56bfc062723c751e8b465ee728b)  -> (artifact id: 'f3a31f39ba0261220e5d9bc83519e692') in 0.693855 seconds 
========================================================================
Received Import Request.
  Time since last request: 0.000206 seconds.
  path: Assets/Scenes/New Scene.unity
  artifactKey: Guid(c86502cba84f0d03ebc1ca196b9436ee) Importer(815301076,1909f56bfc062723c751e8b465ee728b)
Start importing Assets/Scenes/New Scene.unity using Guid(c86502cba84f0d03ebc1ca196b9436ee) Importer(815301076,1909f56bfc062723c751e8b465ee728b)  -> (artifact id: '17d4805fc37a58b2c49bfa4bf616670c') in 0.020146 seconds 
========================================================================
Received Import Request.
  Time since last request: 0.000168 seconds.
  path: Assets/models/сетка 1.png
  artifactKey: Guid(69eb7968ea2b8f4fd973acce4cfde85d) Importer(815301076,1909f56bfc062723c751e8b465ee728b)
Start importing Assets/models/сетка 1.png using Guid(69eb7968ea2b8f4fd973acce4cfde85d) Importer(815301076,1909f56bfc062723c751e8b465ee728b)  -> (artifact id: '4db21bd9e646fa3d6464f6760a2eeed8') in 0.030026 seconds 
========================================================================
Received Import Request.
  Time since last request: 0.000164 seconds.
  path: Assets/prefabs/c квадрат.prefab
  artifactKey: Guid(ffa3d145ba10d069a89f0693aafdad97) Importer(815301076,1909f56bfc062723c751e8b465ee728b)
Start importing Assets/prefabs/c квадрат.prefab using Guid(ffa3d145ba10d069a89f0693aafdad97) Importer(815301076,1909f56bfc062723c751e8b465ee728b)  -> (artifact id: '70a2a1558e44e7fd2430d471dfee1521') in 0.012292 seconds 
========================================================================
Received Import Request.
  Time since last request: 0.000146 seconds.
  path: Assets/prefabs/г-половина.prefab
  artifactKey: Guid(87756ddb3f526ba50b412e720306e0bb) Importer(815301076,1909f56bfc062723c751e8b465ee728b)
Start importing Assets/prefabs/г-половина.prefab using Guid(87756ddb3f526ba50b412e720306e0bb) Importer(815301076,1909f56bfc062723c751e8b465ee728b)  -> (artifact id: '93d8ae101596492b9651c46acc58586f') in 0.012986 seconds 
========================================================================
Received Import Request.
  Time since last request: 4.799570 seconds.
  path: Assets/Scenes/SampleScene.unity
  artifactKey: Guid(9fc0d4010bbf28b4594072e72b8655ab) Importer(815301076,1909f56bfc062723c751e8b465ee728b)
Start importing Assets/Scenes/SampleScene.unity using Guid(9fc0d4010bbf28b4594072e72b8655ab) Importer(815301076,1909f56bfc062723c751e8b465ee728b)  -> (artifact id: 'fd6294481f67e9f0cf72e77770b8de5a') in 0.006407 seconds 
